<?xml version="1.0" encoding="UTF-8"?>
<!-- Generated by org.testng.reporters.JUnitReportReporter -->
<testsuite name="com.flipkart.FlipKart.ToolTip" tests="1" time="25.974" ignored="0" failures="0" timestamp="06 Jan 2021 13:19:52 GMT" skipped="0" hostname="Admin" errors="0">
  <testcase name="toolTip" time="25.974" classname="com.flipkart.FlipKart.ToolTip"/>
</testsuite> <!-- com.flipkart.FlipKart.ToolTip -->
