<?xml version="1.0" encoding="UTF-8"?>
<!-- Generated by org.testng.reporters.JUnitReportReporter -->
<testsuite name="com.flipkart.FlipKart.FlipKartList" tests="1" time="24.579" ignored="0" failures="0" timestamp="30 Dec 2020 07:27:38 GMT" skipped="0" hostname="Admin" errors="0">
  <testcase name="flipKart" time="24.579" classname="com.flipkart.FlipKart.FlipKartList"/>
</testsuite> <!-- com.flipkart.FlipKart.FlipKartList -->
