<?xml version="1.0" encoding="UTF-8"?>
<!-- Generated by org.testng.reporters.JUnitReportReporter -->
<testsuite name="com.flipkart.FlipKart.ToGetPriceOfIphoneAndWriteToExcel" tests="1" time="27.767" ignored="0" failures="0" timestamp="09 Jan 2021 14:48:45 GMT" skipped="0" hostname="Admin" errors="0">
  <testcase name="teGrt" time="27.767" classname="com.flipkart.FlipKart.ToGetPriceOfIphoneAndWriteToExcel"/>
</testsuite> <!-- com.flipkart.FlipKart.ToGetPriceOfIphoneAndWriteToExcel -->
