<?xml version="1.0" encoding="UTF-8"?>
<!-- Generated by org.testng.reporters.JUnitReportReporter -->
<testsuite name="com.flipkart.FlipKart.ToCheckDuplicateInMobileTab" tests="1" time="12.955" ignored="0" failures="0" timestamp="30 Dec 2020 07:40:23 GMT" skipped="0" hostname="Admin" errors="0">
  <testcase name="flipKart" time="12.955" classname="com.flipkart.FlipKart.ToCheckDuplicateInMobileTab"/>
</testsuite> <!-- com.flipkart.FlipKart.ToCheckDuplicateInMobileTab -->
