<?xml version="1.0" encoding="UTF-8"?>
<!-- Generated by org.testng.reporters.JUnitReportReporter -->
<testsuite name="com.flipkart.FlipKart.GeneralStoreTilt" tests="1" time="20.668" ignored="0" failures="0" timestamp="06 Jan 2021 03:48:08 GMT" skipped="0" hostname="Admin" errors="0">
  <testcase name="generalTilt" time="20.668" classname="com.flipkart.FlipKart.GeneralStoreTilt"/>
</testsuite> <!-- com.flipkart.FlipKart.GeneralStoreTilt -->
